<?xml version="1.0" encoding="UTF-8"?>
<!-- Generated by org.testng.reporters.JUnitReportReporter -->
<testsuite hostname="AKSHAY-1106" failures="0" tests="12" name="testng.FlagOfTestNG" time="0.040" errors="0" timestamp="2021-10-20T12:42:09 IST" skipped="1">
  <testcase classname="testng.FlagOfTestNG" name="run" time="0.017"/>
  <system-out>
    <![CDATA[run method]]>
  </system-out>
  <testcase classname="testng.FlagOfTestNG" name="gun" time="0.003"/>
  <system-out>
    <![CDATA[gun method]]>
  </system-out>
  <testcase classname="testng.FlagOfTestNG" name="gun" time="0.002"/>
  <system-out>
    <![CDATA[gun method]]>
  </system-out>
  <testcase classname="testng.FlagOfTestNG" name="gun" time="0.003"/>
  <system-out>
    <![CDATA[gun method]]>
  </system-out>
  <testcase classname="testng.FlagOfTestNG" name="gun" time="0.002"/>
  <system-out>
    <![CDATA[gun method]]>
  </system-out>
  <testcase classname="testng.FlagOfTestNG" name="gun" time="0.002"/>
  <system-out>
    <![CDATA[gun method]]>
  </system-out>
  <testcase classname="testng.FlagOfTestNG" name="gun" time="0.002"/>
  <system-out>
    <![CDATA[gun method]]>
  </system-out>
  <testcase classname="testng.FlagOfTestNG" name="gun" time="0.003"/>
  <system-out>
    <![CDATA[gun method]]>
  </system-out>
  <testcase classname="testng.FlagOfTestNG" name="gun" time="0.001"/>
  <system-out>
    <![CDATA[gun method]]>
  </system-out>
  <testcase classname="testng.FlagOfTestNG" name="gun" time="0.003"/>
  <system-out>
    <![CDATA[gun method]]>
  </system-out>
  <testcase classname="testng.FlagOfTestNG" name="gun" time="0.002"/>
  <system-out>
    <![CDATA[gun method]]>
  </system-out>
  <testcase classname="testng.FlagOfTestNG" name="bun">
    <skipped/>
  </testcase> <!-- bun -->
  <system-out/>
</testsuite> <!-- testng.FlagOfTestNG -->
