<?xml version="1.0" encoding="UTF-8"?>
<!-- Generated by org.testng.reporters.JUnitReportReporter -->
<testsuite hostname="AKSHAY-1106" failures="0" tests="1" name="testng.Demo" time="0.011" errors="0" timestamp="2021-10-13T14:40:16 IST" skipped="0">
  <testcase classname="testng.Demo" name="raghav1" time="0.011"/>
  <system-out>
    <![CDATA[raghav1]]>
  </system-out>
</testsuite> <!-- testng.Demo -->
