<?xml version="1.0" encoding="UTF-8"?>
<!-- Generated by org.testng.reporters.JUnitReportReporter -->
<testsuite hostname="AKSHAY-1106" failures="0" tests="12" name="FlagOfTestNG" time="0.024" errors="0" timestamp="2021-10-13T14:49:44 IST" skipped="1">
  <testcase classname="FlagOfTestNG" name="run" time="0.008"/>
  <system-out>
    <![CDATA[run method]]>
  </system-out>
  <testcase classname="FlagOfTestNG" name="gun" time="0.001"/>
  <system-out>
    <![CDATA[gun method]]>
  </system-out>
  <testcase classname="FlagOfTestNG" name="gun" time="0.001"/>
  <system-out>
    <![CDATA[gun method]]>
  </system-out>
  <testcase classname="FlagOfTestNG" name="gun" time="0.001"/>
  <system-out>
    <![CDATA[gun method]]>
  </system-out>
  <testcase classname="FlagOfTestNG" name="gun" time="0.002"/>
  <system-out>
    <![CDATA[gun method]]>
  </system-out>
  <testcase classname="FlagOfTestNG" name="gun" time="0.002"/>
  <system-out>
    <![CDATA[gun method]]>
  </system-out>
  <testcase classname="FlagOfTestNG" name="gun" time="0.002"/>
  <system-out>
    <![CDATA[gun method]]>
  </system-out>
  <testcase classname="FlagOfTestNG" name="gun" time="0.002"/>
  <system-out>
    <![CDATA[gun method]]>
  </system-out>
  <testcase classname="FlagOfTestNG" name="gun" time="0.002"/>
  <system-out>
    <![CDATA[gun method]]>
  </system-out>
  <testcase classname="FlagOfTestNG" name="gun" time="0.001"/>
  <system-out>
    <![CDATA[gun method]]>
  </system-out>
  <testcase classname="FlagOfTestNG" name="gun" time="0.002"/>
  <system-out>
    <![CDATA[gun method]]>
  </system-out>
  <testcase classname="FlagOfTestNG" name="bun">
    <skipped/>
  </testcase> <!-- bun -->
  <system-out/>
</testsuite> <!-- FlagOfTestNG -->
